2026-05-12 07:01:02,894 - MovieRecML - INFO - База данных инициализирована
2026-05-12 07:01:02,898 - MovieRecML - INFO - Инициализация MovieRecommender
2026-05-12 07:01:03,082 - MovieRecML - INFO - Загружено 9742 фильмов
2026-05-12 07:01:03,122 - MovieRecML - INFO - Загружено 100836 оценок
2026-05-12 07:01:03,242 - MovieRecML - INFO - Модель построена для 3500 фильмов
2026-05-12 07:01:06,673 - MovieRecML - INFO - База данных инициализирована
2026-05-12 07:01:06,673 - MovieRecML - INFO - Инициализация MovieRecommender
2026-05-12 07:01:06,690 - MovieRecML - INFO - Загружено 9742 фильмов
2026-05-12 07:01:06,732 - MovieRecML - INFO - Загружено 100836 оценок
2026-05-12 07:01:06,786 - MovieRecML - INFO - Модель построена для 3500 фильмов
2026-05-12 07:01:07,791 - MovieRecML - INFO - База данных инициализирована
2026-05-12 07:01:07,791 - MovieRecML - INFO - Инициализация MovieRecommender
2026-05-12 07:01:07,805 - MovieRecML - INFO - Загружено 9742 фильмов
2026-05-12 07:01:07,828 - MovieRecML - INFO - Загружено 100836 оценок
2026-05-12 07:01:07,852 - MovieRecML - INFO - База данных инициализирована
2026-05-12 07:01:07,852 - MovieRecML - INFO - Инициализация MovieRecommender
2026-05-12 07:01:07,868 - MovieRecML - INFO - Загружено 9742 фильмов
2026-05-12 07:01:07,880 - MovieRecML - INFO - Модель построена для 3500 фильмов
2026-05-12 07:01:07,974 - MovieRecML - INFO - Загружено 100836 оценок
2026-05-12 07:01:08,026 - MovieRecML - INFO - Модель построена для 3500 фильмов
2026-05-12 07:01:08,124 - MovieRecML - INFO - База данных инициализирована
2026-05-12 07:01:08,124 - MovieRecML - INFO - Инициализация MovieRecommender
2026-05-12 07:01:08,140 - MovieRecML - INFO - Загружено 9742 фильмов
2026-05-12 07:01:08,165 - MovieRecML - INFO - Загружено 100836 оценок
2026-05-12 07:01:08,215 - MovieRecML - INFO - Модель построена для 3500 фильмов
